[0.008s] Invoking command in '/home/grimmlins/ros2_robot_ws/build/robot': CMAKE_PREFIX_PATH=/opt/ros/humble /home/grimmlins/.local/bin/cmake --build /home/grimmlins/ros2_robot_ws/build/robot -- -j16 -l16
[0.035s] Invoked command in '/home/grimmlins/ros2_robot_ws/build/robot' returned '0': CMAKE_PREFIX_PATH=/opt/ros/humble /home/grimmlins/.local/bin/cmake --build /home/grimmlins/ros2_robot_ws/build/robot -- -j16 -l16
[0.080s] Invoking command in '/home/grimmlins/ros2_robot_ws/build/robot': CMAKE_PREFIX_PATH=/opt/ros/humble /home/grimmlins/.local/bin/cmake --install /home/grimmlins/ros2_robot_ws/build/robot
[0.096s] -- Install configuration: ""
[0.096s] -- Up-to-date: /home/grimmlins/ros2_robot_ws/install/robot/share/robot/launch
[0.096s] -- Up-to-date: /home/grimmlins/ros2_robot_ws/install/robot/share/robot/launch/robo.launch.py
[0.096s] -- Up-to-date: /home/grimmlins/ros2_robot_ws/install/robot/share/robot/robot
[0.096s] -- Up-to-date: /home/grimmlins/ros2_robot_ws/install/robot/share/robot/robot/wheel2.dae
[0.096s] -- Up-to-date: /home/grimmlins/ros2_robot_ws/install/robot/share/robot/robot/wheel4.dae
[0.096s] -- Up-to-date: /home/grimmlins/ros2_robot_ws/install/robot/share/robot/robot/wheel3.dae
[0.097s] -- Up-to-date: /home/grimmlins/ros2_robot_ws/install/robot/share/robot/robot/model.config
[0.097s] -- Up-to-date: /home/grimmlins/ros2_robot_ws/install/robot/share/robot/robot/wheel1.dae
[0.097s] -- Up-to-date: /home/grimmlins/ros2_robot_ws/install/robot/share/robot/robot/simcarbody.dae
[0.097s] -- Up-to-date: /home/grimmlins/ros2_robot_ws/install/robot/share/robot/robot/model.sdf
[0.097s] -- Up-to-date: /home/grimmlins/ros2_robot_ws/install/robot/share/robot/world
[0.097s] -- Installing: /home/grimmlins/ros2_robot_ws/install/robot/share/robot/world/install
[0.097s] -- Installing: /home/grimmlins/ros2_robot_ws/install/robot/share/robot/world/install/local_setup.sh
[0.097s] -- Installing: /home/grimmlins/ros2_robot_ws/install/robot/share/robot/world/install/setup.ps1
[0.097s] -- Installing: /home/grimmlins/ros2_robot_ws/install/robot/share/robot/world/install/.colcon_install_layout
[0.097s] -- Installing: /home/grimmlins/ros2_robot_ws/install/robot/share/robot/world/install/_local_setup_util_ps1.py
[0.097s] -- Installing: /home/grimmlins/ros2_robot_ws/install/robot/share/robot/world/install/setup.bash
[0.097s] -- Installing: /home/grimmlins/ros2_robot_ws/install/robot/share/robot/world/install/local_setup.bash
[0.097s] -- Installing: /home/grimmlins/ros2_robot_ws/install/robot/share/robot/world/install/COLCON_IGNORE
[0.097s] -- Installing: /home/grimmlins/ros2_robot_ws/install/robot/share/robot/world/install/local_setup.zsh
[0.097s] -- Installing: /home/grimmlins/ros2_robot_ws/install/robot/share/robot/world/install/_local_setup_util_sh.py
[0.097s] -- Installing: /home/grimmlins/ros2_robot_ws/install/robot/share/robot/world/install/setup.zsh
[0.097s] -- Installing: /home/grimmlins/ros2_robot_ws/install/robot/share/robot/world/install/local_setup.ps1
[0.097s] -- Installing: /home/grimmlins/ros2_robot_ws/install/robot/share/robot/world/install/setup.sh
[0.097s] -- Installing: /home/grimmlins/ros2_robot_ws/install/robot/share/robot/world/log
[0.097s] -- Installing: /home/grimmlins/ros2_robot_ws/install/robot/share/robot/world/log/build_2023-08-25_22-09-17
[0.097s] -- Installing: /home/grimmlins/ros2_robot_ws/install/robot/share/robot/world/log/build_2023-08-25_22-09-17/logger_all.log
[0.097s] -- Installing: /home/grimmlins/ros2_robot_ws/install/robot/share/robot/world/log/build_2023-08-25_22-09-17/events.log
[0.097s] -- Installing: /home/grimmlins/ros2_robot_ws/install/robot/share/robot/world/log/latest
[0.097s] -- Installing: /home/grimmlins/ros2_robot_ws/install/robot/share/robot/world/log/latest_build
[0.098s] -- Installing: /home/grimmlins/ros2_robot_ws/install/robot/share/robot/world/log/COLCON_IGNORE
[0.098s] -- Installing: /home/grimmlins/ros2_robot_ws/install/robot/share/robot/world/build
[0.098s] -- Installing: /home/grimmlins/ros2_robot_ws/install/robot/share/robot/world/build/COLCON_IGNORE
[0.098s] -- Installing: /home/grimmlins/ros2_robot_ws/install/robot/share/robot/world/build/.built_by
[0.098s] -- Up-to-date: /home/grimmlins/ros2_robot_ws/install/robot/share/robot/world/robo.world
[0.098s] -- Up-to-date: /home/grimmlins/ros2_robot_ws/install/robot/share/ament_index/resource_index/package_run_dependencies/robot
[0.098s] -- Up-to-date: /home/grimmlins/ros2_robot_ws/install/robot/share/ament_index/resource_index/parent_prefix_path/robot
[0.098s] -- Up-to-date: /home/grimmlins/ros2_robot_ws/install/robot/share/robot/environment/ament_prefix_path.sh
[0.098s] -- Up-to-date: /home/grimmlins/ros2_robot_ws/install/robot/share/robot/environment/ament_prefix_path.dsv
[0.098s] -- Up-to-date: /home/grimmlins/ros2_robot_ws/install/robot/share/robot/environment/path.sh
[0.098s] -- Up-to-date: /home/grimmlins/ros2_robot_ws/install/robot/share/robot/environment/path.dsv
[0.098s] -- Up-to-date: /home/grimmlins/ros2_robot_ws/install/robot/share/robot/local_setup.bash
[0.098s] -- Up-to-date: /home/grimmlins/ros2_robot_ws/install/robot/share/robot/local_setup.sh
[0.098s] -- Up-to-date: /home/grimmlins/ros2_robot_ws/install/robot/share/robot/local_setup.zsh
[0.098s] -- Up-to-date: /home/grimmlins/ros2_robot_ws/install/robot/share/robot/local_setup.dsv
[0.098s] -- Installing: /home/grimmlins/ros2_robot_ws/install/robot/share/robot/package.dsv
[0.098s] -- Up-to-date: /home/grimmlins/ros2_robot_ws/install/robot/share/ament_index/resource_index/packages/robot
[0.098s] -- Up-to-date: /home/grimmlins/ros2_robot_ws/install/robot/share/robot/cmake/robotConfig.cmake
[0.098s] -- Up-to-date: /home/grimmlins/ros2_robot_ws/install/robot/share/robot/cmake/robotConfig-version.cmake
[0.098s] -- Up-to-date: /home/grimmlins/ros2_robot_ws/install/robot/share/robot/package.xml
[0.102s] Invoked command in '/home/grimmlins/ros2_robot_ws/build/robot' returned '0': CMAKE_PREFIX_PATH=/opt/ros/humble /home/grimmlins/.local/bin/cmake --install /home/grimmlins/ros2_robot_ws/build/robot
