-- Install configuration: ""
-- Up-to-date: /home/grimmlins/ros2_robot_ws/install/robot/share/robot/launch
-- Installing: /home/grimmlins/ros2_robot_ws/install/robot/share/robot/launch/robo.launch.py
-- Up-to-date: /home/grimmlins/ros2_robot_ws/install/robot/share/robot/robot
-- Up-to-date: /home/grimmlins/ros2_robot_ws/install/robot/share/robot/robot/wheel2.dae
-- Up-to-date: /home/grimmlins/ros2_robot_ws/install/robot/share/robot/robot/wheel4.dae
-- Up-to-date: /home/grimmlins/ros2_robot_ws/install/robot/share/robot/robot/wheel3.dae
-- Up-to-date: /home/grimmlins/ros2_robot_ws/install/robot/share/robot/robot/model.config
-- Up-to-date: /home/grimmlins/ros2_robot_ws/install/robot/share/robot/robot/wheel1.dae
-- Up-to-date: /home/grimmlins/ros2_robot_ws/install/robot/share/robot/robot/simcarbody.dae
-- Up-to-date: /home/grimmlins/ros2_robot_ws/install/robot/share/robot/robot/model.sdf
-- Up-to-date: /home/grimmlins/ros2_robot_ws/install/robot/share/robot/world
-- Up-to-date: /home/grimmlins/ros2_robot_ws/install/robot/share/robot/world/robo.world
-- Up-to-date: /home/grimmlins/ros2_robot_ws/install/robot/share/ament_index/resource_index/package_run_dependencies/robot
-- Up-to-date: /home/grimmlins/ros2_robot_ws/install/robot/share/ament_index/resource_index/parent_prefix_path/robot
-- Up-to-date: /home/grimmlins/ros2_robot_ws/install/robot/share/robot/environment/ament_prefix_path.sh
-- Up-to-date: /home/grimmlins/ros2_robot_ws/install/robot/share/robot/environment/ament_prefix_path.dsv
-- Up-to-date: /home/grimmlins/ros2_robot_ws/install/robot/share/robot/environment/path.sh
-- Up-to-date: /home/grimmlins/ros2_robot_ws/install/robot/share/robot/environment/path.dsv
-- Up-to-date: /home/grimmlins/ros2_robot_ws/install/robot/share/robot/local_setup.bash
-- Up-to-date: /home/grimmlins/ros2_robot_ws/install/robot/share/robot/local_setup.sh
-- Up-to-date: /home/grimmlins/ros2_robot_ws/install/robot/share/robot/local_setup.zsh
-- Up-to-date: /home/grimmlins/ros2_robot_ws/install/robot/share/robot/local_setup.dsv
-- Installing: /home/grimmlins/ros2_robot_ws/install/robot/share/robot/package.dsv
-- Up-to-date: /home/grimmlins/ros2_robot_ws/install/robot/share/ament_index/resource_index/packages/robot
-- Up-to-date: /home/grimmlins/ros2_robot_ws/install/robot/share/robot/cmake/robotConfig.cmake
-- Up-to-date: /home/grimmlins/ros2_robot_ws/install/robot/share/robot/cmake/robotConfig-version.cmake
-- Up-to-date: /home/grimmlins/ros2_robot_ws/install/robot/share/robot/package.xml
