[0.009s] Invoking command in '/home/grimmlins/ros2_robot_ws/build/robot': CMAKE_PREFIX_PATH=${CMAKE_PREFIX_PATH}:/opt/ros/humble /home/grimmlins/.local/bin/cmake --build /home/grimmlins/ros2_robot_ws/build/robot -- -j16 -l16
[0.034s] -- Found ament_cmake: 1.3.5 (/opt/ros/humble/share/ament_cmake/cmake)
[0.108s] -- Found ament_lint_auto: 0.12.7 (/opt/ros/humble/share/ament_lint_auto/cmake)
[0.153s] -- Added test 'flake8' to check Python code syntax and style conventions
[0.153s] -- Added test 'lint_cmake' to check CMake code style
[0.153s] -- Added test 'pep257' to check Python code against some of the docstring style conventions in PEP 257
[0.154s] -- Added test 'xmllint' to check XML markup files
[0.154s] -- Configuring done (0.1s)
[0.156s] -- Generating done (0.0s)
[0.157s] -- Build files have been written to: /home/grimmlins/ros2_robot_ws/build/robot
[0.166s] Invoked command in '/home/grimmlins/ros2_robot_ws/build/robot' returned '0': CMAKE_PREFIX_PATH=${CMAKE_PREFIX_PATH}:/opt/ros/humble /home/grimmlins/.local/bin/cmake --build /home/grimmlins/ros2_robot_ws/build/robot -- -j16 -l16
[0.213s] Invoking command in '/home/grimmlins/ros2_robot_ws/build/robot': CMAKE_PREFIX_PATH=${CMAKE_PREFIX_PATH}:/opt/ros/humble /home/grimmlins/.local/bin/cmake --install /home/grimmlins/ros2_robot_ws/build/robot
[0.230s] -- Install configuration: ""
[0.230s] -- Up-to-date: /home/grimmlins/ros2_robot_ws/install/robot/share/robot/launch
[0.230s] -- Up-to-date: /home/grimmlins/ros2_robot_ws/install/robot/share/robot/launch/robo.launch.py
[0.230s] -- Installing: /home/grimmlins/ros2_robot_ws/install/robot/share/robot/robot
[0.230s] -- Installing: /home/grimmlins/ros2_robot_ws/install/robot/share/robot/robot/wheel2.dae
[0.230s] -- Installing: /home/grimmlins/ros2_robot_ws/install/robot/share/robot/robot/wheel4.dae
[0.230s] -- Installing: /home/grimmlins/ros2_robot_ws/install/robot/share/robot/robot/wheel3.dae
[0.230s] -- Installing: /home/grimmlins/ros2_robot_ws/install/robot/share/robot/robot/model.config
[0.230s] -- Installing: /home/grimmlins/ros2_robot_ws/install/robot/share/robot/robot/wheel1.dae
[0.230s] -- Installing: /home/grimmlins/ros2_robot_ws/install/robot/share/robot/robot/simcarbody.dae
[0.231s] -- Installing: /home/grimmlins/ros2_robot_ws/install/robot/share/robot/robot/model.sdf
[0.231s] -- Installing: /home/grimmlins/ros2_robot_ws/install/robot/share/robot/world
[0.231s] -- Installing: /home/grimmlins/ros2_robot_ws/install/robot/share/robot/world/robo.world
[0.231s] -- Up-to-date: /home/grimmlins/ros2_robot_ws/install/robot/share/ament_index/resource_index/package_run_dependencies/robot
[0.231s] -- Installing: /home/grimmlins/ros2_robot_ws/install/robot/share/ament_index/resource_index/parent_prefix_path/robot
[0.231s] -- Up-to-date: /home/grimmlins/ros2_robot_ws/install/robot/share/robot/environment/ament_prefix_path.sh
[0.231s] -- Installing: /home/grimmlins/ros2_robot_ws/install/robot/share/robot/environment/ament_prefix_path.dsv
[0.231s] -- Up-to-date: /home/grimmlins/ros2_robot_ws/install/robot/share/robot/environment/path.sh
[0.231s] -- Installing: /home/grimmlins/ros2_robot_ws/install/robot/share/robot/environment/path.dsv
[0.231s] -- Up-to-date: /home/grimmlins/ros2_robot_ws/install/robot/share/robot/local_setup.bash
[0.231s] -- Up-to-date: /home/grimmlins/ros2_robot_ws/install/robot/share/robot/local_setup.sh
[0.231s] -- Up-to-date: /home/grimmlins/ros2_robot_ws/install/robot/share/robot/local_setup.zsh
[0.231s] -- Installing: /home/grimmlins/ros2_robot_ws/install/robot/share/robot/local_setup.dsv
[0.231s] -- Installing: /home/grimmlins/ros2_robot_ws/install/robot/share/robot/package.dsv
[0.231s] -- Up-to-date: /home/grimmlins/ros2_robot_ws/install/robot/share/ament_index/resource_index/packages/robot
[0.231s] -- Up-to-date: /home/grimmlins/ros2_robot_ws/install/robot/share/robot/cmake/robotConfig.cmake
[0.231s] -- Up-to-date: /home/grimmlins/ros2_robot_ws/install/robot/share/robot/cmake/robotConfig-version.cmake
[0.231s] -- Up-to-date: /home/grimmlins/ros2_robot_ws/install/robot/share/robot/package.xml
[0.235s] Invoked command in '/home/grimmlins/ros2_robot_ws/build/robot' returned '0': CMAKE_PREFIX_PATH=${CMAKE_PREFIX_PATH}:/opt/ros/humble /home/grimmlins/.local/bin/cmake --install /home/grimmlins/ros2_robot_ws/build/robot
