[0.009s] Invoking command in '/home/grimmlins/ros2_robot_ws/build/robot': CMAKE_PREFIX_PATH=${CMAKE_PREFIX_PATH}:/opt/ros/humble /home/grimmlins/.local/bin/cmake --build /home/grimmlins/ros2_robot_ws/build/robot -- -j16 -l16
[0.034s] -- Found ament_cmake: 1.3.5 (/opt/ros/humble/share/ament_cmake/cmake)
[0.107s] -- Found ament_lint_auto: 0.12.7 (/opt/ros/humble/share/ament_lint_auto/cmake)
[0.153s] -- Added test 'flake8' to check Python code syntax and style conventions
[0.153s] -- Added test 'lint_cmake' to check CMake code style
[0.153s] -- Added test 'pep257' to check Python code against some of the docstring style conventions in PEP 257
[0.154s] -- Added test 'xmllint' to check XML markup files
[0.155s] -- Configuring done (0.1s)
[0.157s] -- Generating done (0.0s)
[0.158s] -- Build files have been written to: /home/grimmlins/ros2_robot_ws/build/robot
[0.168s] Invoked command in '/home/grimmlins/ros2_robot_ws/build/robot' returned '0': CMAKE_PREFIX_PATH=${CMAKE_PREFIX_PATH}:/opt/ros/humble /home/grimmlins/.local/bin/cmake --build /home/grimmlins/ros2_robot_ws/build/robot -- -j16 -l16
[0.216s] Invoking command in '/home/grimmlins/ros2_robot_ws/build/robot': CMAKE_PREFIX_PATH=${CMAKE_PREFIX_PATH}:/opt/ros/humble /home/grimmlins/.local/bin/cmake --install /home/grimmlins/ros2_robot_ws/build/robot
[0.234s] -- Install configuration: ""
[0.234s] -- Installing: /home/grimmlins/ros2_robot_ws/install/robot/share/robot/launch
[0.234s] -- Installing: /home/grimmlins/ros2_robot_ws/install/robot/share/robot/launch/robo.launch.py
[0.234s] [31mCMake Error at cmake_install.cmake:46 (file):
[0.234s]   file INSTALL cannot find "/home/grimmlins/ros2_robot_ws/src/robot/meshes":
[0.234s]   No such file or directory.
[0.234s] 
[0.234s] [0m
[0.237s] Invoked command in '/home/grimmlins/ros2_robot_ws/build/robot' returned '1': CMAKE_PREFIX_PATH=${CMAKE_PREFIX_PATH}:/opt/ros/humble /home/grimmlins/.local/bin/cmake --install /home/grimmlins/ros2_robot_ws/build/robot
